TN:
SF:src\App.jsx
FN:15,App
FN:31,refreshAll
FN:47,handleCreateGuest
FN:67,handleDeleteGuest
FN:82,handleAllot
FN:107,handleRelease
FNF:6
FNH:6
FNDA:88,App
FNDA:22,refreshAll
FNDA:4,handleCreateGuest
FNDA:3,handleDeleteGuest
FNDA:4,handleAllot
FNDA:3,handleRelease
DA:1,1
DA:2,1
DA:3,1
DA:4,1
DA:5,1
DA:6,1
DA:7,1
DA:8,1
DA:9,1
DA:10,1
DA:11,1
DA:12,1
DA:13,1
DA:14,1
DA:15,88
DA:16,88
DA:17,88
DA:18,88
DA:19,88
DA:20,88
DA:21,88
DA:22,88
DA:23,88
DA:24,88
DA:25,88
DA:26,88
DA:27,88
DA:28,18
DA:29,88
DA:30,88
DA:31,88
DA:32,22
DA:33,22
DA:34,22
DA:35,22
DA:36,22
DA:37,22
DA:38,21
DA:39,21
DA:40,21
DA:41,21
DA:42,22
DA:43,1
DA:44,1
DA:45,22
DA:46,88
DA:47,88
DA:48,4
DA:49,4
DA:50,4
DA:51,1
DA:52,1
DA:53,1
DA:54,3
DA:55,3
DA:56,3
DA:57,1
DA:58,1
DA:59,1
DA:60,4
DA:61,2
DA:62,4
DA:63,3
DA:64,3
DA:65,4
DA:66,88
DA:67,88
DA:68,3
DA:69,3
DA:70,3
DA:71,3
DA:72,3
DA:73,1
DA:74,1
DA:75,3
DA:76,2
DA:77,3
DA:78,3
DA:79,3
DA:80,3
DA:81,88
DA:82,88
DA:83,4
DA:84,4
DA:85,4
DA:86,1
DA:87,1
DA:88,1
DA:89,3
DA:90,3
DA:91,3
DA:92,3
DA:93,3
DA:94,3
DA:95,3
DA:96,1
DA:97,1
DA:98,1
DA:99,1
DA:100,4
DA:101,2
DA:102,4
DA:103,3
DA:104,3
DA:105,4
DA:106,88
DA:107,88
DA:108,3
DA:109,3
DA:110,3
DA:111,3
DA:112,3
DA:113,1
DA:114,1
DA:115,3
DA:116,2
DA:117,3
DA:118,3
DA:119,3
DA:120,3
DA:121,88
DA:122,88
DA:123,34
DA:124,34
DA:125,3
DA:126,3
DA:127,3
DA:128,34
DA:129,34
DA:130,88
DA:131,88
DA:132,88
DA:133,88
DA:134,88
DA:135,88
DA:136,88
DA:137,88
DA:138,88
DA:139,88
DA:140,88
DA:141,88
DA:142,88
DA:143,88
DA:144,88
DA:145,88
DA:146,88
DA:147,88
DA:148,88
DA:149,88
DA:150,88
DA:151,88
DA:152,88
DA:153,88
DA:154,88
DA:155,88
DA:156,88
DA:157,88
DA:158,88
DA:159,88
DA:160,88
DA:161,88
DA:162,88
DA:163,88
DA:164,88
DA:165,88
DA:166,88
DA:167,88
DA:168,88
DA:169,88
DA:170,88
DA:171,88
DA:172,88
DA:173,1
DA:174,1
LF:174
LH:174
BRDA:15,0,0,88
BRDA:132,1,0,22
BRDA:141,2,0,10
BRDA:142,3,0,4
BRDA:27,4,0,18
BRDA:31,5,0,22
BRDA:37,6,0,21
BRDA:42,7,0,1
BRDA:47,8,0,4
BRDA:50,9,0,3
BRDA:50,10,0,3
BRDA:50,11,0,3
BRDA:50,12,0,1
BRDA:53,13,0,3
BRDA:56,14,0,1
BRDA:60,15,0,2
BRDA:61,16,0,1
BRDA:61,17,0,1
BRDA:62,18,0,3
BRDA:67,19,0,3
BRDA:72,20,0,1
BRDA:75,21,0,2
BRDA:76,22,0,1
BRDA:76,23,0,1
BRDA:82,24,0,4
BRDA:85,25,0,3
BRDA:85,26,0,3
BRDA:85,27,0,1
BRDA:88,28,0,3
BRDA:95,29,0,1
BRDA:100,30,0,2
BRDA:101,31,0,1
BRDA:101,32,0,1
BRDA:102,33,0,3
BRDA:107,34,0,3
BRDA:112,35,0,1
BRDA:115,36,0,2
BRDA:116,37,0,1
BRDA:116,38,0,1
BRDA:122,39,0,34
BRDA:124,40,0,3
BRF:41
BRH:41
end_of_record
TN:
SF:src\components\RoomSpinner.jsx
FN:3,RoomSpinner
FN:5,onChange
FNF:2
FNH:2
FNDA:111,RoomSpinner
FNDA:5,onChange
DA:1,1
DA:2,1
DA:3,111
DA:4,111
DA:5,111
DA:6,111
DA:7,111
DA:8,27
DA:9,27
DA:10,27
DA:11,111
DA:12,111
DA:13,111
DA:14,111
DA:15,1
DA:16,1
DA:17,1
DA:18,1
DA:19,1
DA:20,1
DA:21,1
DA:22,1
DA:23,1
LF:23
LH:23
BRDA:3,0,0,111
BRDA:5,1,0,5
BRDA:7,2,0,27
BRF:3
BRH:3
end_of_record
TN:
SF:src\pages\AllotmentPage.jsx
FN:13,AllotmentPage
FN:31,handleRoomTypeChange
FN:41,onChange
FN:62,onChange
FNF:4
FNH:4
FNDA:104,AllotmentPage
FNDA:2,handleRoomTypeChange
FNDA:4,onChange
FNDA:4,onChange
DA:1,1
DA:2,1
DA:3,1
DA:4,1
DA:5,1
DA:6,1
DA:7,1
DA:8,1
DA:9,1
DA:10,1
DA:11,1
DA:12,1
DA:13,104
DA:14,104
DA:15,104
DA:16,104
DA:17,104
DA:18,104
DA:19,104
DA:20,104
DA:21,104
DA:22,104
DA:23,104
DA:24,104
DA:25,104
DA:26,104
DA:27,104
DA:28,104
DA:29,104
DA:30,104
DA:31,104
DA:32,2
DA:33,2
DA:34,2
DA:35,2
DA:36,104
DA:37,104
DA:38,104
DA:39,104
DA:40,104
DA:41,104
DA:42,104
DA:43,104
DA:44,31
DA:45,31
DA:46,31
DA:47,104
DA:48,104
DA:49,104
DA:50,104
DA:51,104
DA:52,104
DA:53,104
DA:54,104
DA:55,104
DA:56,104
DA:57,104
DA:58,104
DA:59,104
DA:60,104
DA:61,104
DA:62,104
DA:63,104
DA:64,104
DA:65,104
DA:66,104
DA:67,104
DA:68,104
DA:69,104
DA:70,104
DA:71,104
DA:72,104
DA:73,104
DA:74,104
DA:75,104
DA:76,104
DA:77,104
DA:78,104
DA:79,104
DA:80,104
DA:81,104
DA:82,104
DA:83,104
DA:84,104
DA:85,104
DA:86,104
DA:87,104
DA:88,104
DA:89,312
DA:90,312
DA:91,312
DA:92,312
DA:93,104
DA:94,104
DA:95,104
DA:96,104
DA:97,104
DA:98,104
DA:99,104
DA:100,1
DA:101,1
DA:102,1
DA:103,1
DA:104,1
DA:105,1
DA:106,1
DA:107,1
DA:108,1
DA:109,1
DA:110,1
DA:111,1
DA:112,1
DA:113,1
DA:114,1
DA:115,1
LF:115
LH:115
BRDA:13,0,0,104
BRDA:29,1,0,2
BRDA:29,2,0,2
BRDA:29,3,0,1
BRDA:29,4,0,103
BRDA:81,5,0,36
BRDA:96,6,0,68
BRDA:31,7,0,2
BRDA:34,8,0,1
BRDA:41,9,0,4
BRDA:43,10,0,31
BRDA:62,11,0,4
BRDA:88,12,0,312
BRF:13
BRH:13
end_of_record
TN:
SF:src\pages\GuestsPage.jsx
FN:3,GuestsPage
FN:20,onChange
FN:25,onChange
FN:30,onChange
FN:35,onChange
FN:63,onClick
FN:67,onClick
FNF:7
FNH:7
FNDA:100,GuestsPage
FNDA:4,onChange
FNDA:4,onChange
FNDA:4,onChange
FNDA:4,onChange
FNDA:1,onClick
FNDA:4,onClick
DA:1,1
DA:2,1
DA:3,100
DA:4,100
DA:5,100
DA:6,100
DA:7,100
DA:8,100
DA:9,100
DA:10,100
DA:11,100
DA:12,100
DA:13,100
DA:14,100
DA:15,100
DA:16,100
DA:17,100
DA:18,100
DA:19,100
DA:20,100
DA:21,100
DA:22,100
DA:23,100
DA:24,100
DA:25,100
DA:26,100
DA:27,100
DA:28,100
DA:29,100
DA:30,100
DA:31,100
DA:32,100
DA:33,100
DA:34,100
DA:35,100
DA:36,100
DA:37,100
DA:38,100
DA:39,100
DA:40,100
DA:41,100
DA:42,100
DA:43,100
DA:44,36
DA:45,36
DA:46,36
DA:47,36
DA:48,36
DA:49,36
DA:50,36
DA:51,36
DA:52,3
DA:53,3
DA:54,3
DA:55,3
DA:56,33
DA:57,33
DA:58,36
DA:59,36
DA:60,36
DA:61,36
DA:62,36
DA:63,3
DA:64,3
DA:65,3
DA:66,36
DA:67,36
DA:68,36
DA:69,36
DA:70,36
DA:71,36
DA:72,36
DA:73,100
DA:74,100
DA:75,100
DA:76,100
DA:77,100
DA:78,1
DA:79,1
DA:80,1
DA:81,1
DA:82,1
DA:83,1
DA:84,1
DA:85,1
DA:86,1
DA:87,1
DA:88,1
DA:89,1
DA:90,1
LF:90
LH:90
BRDA:3,0,0,100
BRDA:42,1,0,65
BRDA:20,2,0,4
BRDA:25,3,0,4
BRDA:30,4,0,4
BRDA:35,5,0,4
BRDA:43,6,0,36
BRDA:51,7,0,3
BRDA:55,8,0,33
BRDA:62,9,0,3
BRDA:63,10,0,1
BRDA:67,11,0,4
BRF:12
BRH:12
end_of_record
TN:
SF:src\pages\RoomsPage.jsx
FN:3,RoomsPage
FN:32,onClick
FNF:2
FNH:2
FNDA:93,RoomsPage
FNDA:4,onClick
DA:1,1
DA:2,1
DA:3,93
DA:4,93
DA:5,93
DA:6,93
DA:7,93
DA:8,93
DA:9,93
DA:10,93
DA:11,93
DA:12,93
DA:13,93
DA:14,93
DA:15,93
DA:16,93
DA:17,93
DA:18,20
DA:19,20
DA:20,20
DA:21,20
DA:22,20
DA:23,20
DA:24,20
DA:25,15
DA:26,15
DA:27,15
DA:28,20
DA:29,20
DA:30,20
DA:31,15
DA:32,15
DA:33,15
DA:34,15
DA:35,15
DA:36,20
DA:37,20
DA:38,93
DA:39,93
DA:40,93
DA:41,93
DA:42,93
DA:43,1
DA:44,1
DA:45,1
DA:46,1
DA:47,1
DA:48,1
DA:49,1
DA:50,1
LF:50
LH:50
BRDA:3,0,0,93
BRDA:16,1,0,76
BRDA:4,2,0,20
BRDA:17,3,0,20
BRDA:21,4,0,5
BRDA:21,5,0,15
BRDA:24,6,0,15
BRDA:30,7,0,15
BRDA:32,8,0,4
BRF:9
BRH:9
end_of_record
TN:
SF:src\services\api.js
FN:14,getGuests
FN:15,createGuest
FN:16,updateGuest
FN:17,deleteGuest
FN:19,getRooms
FN:20,getAvailableRooms
FN:21,allotRoom
FN:22,releaseRoom
FNF:8
FNH:8
FNDA:2,getGuests
FNDA:2,createGuest
FNDA:1,updateGuest
FNDA:1,deleteGuest
FNDA:1,getRooms
FNDA:1,getAvailableRooms
FNDA:1,allotRoom
FNDA:1,releaseRoom
DA:1,1
DA:2,1
DA:3,1
DA:4,1
DA:5,1
DA:6,1
DA:7,1
DA:8,1
DA:9,1
DA:10,1
DA:11,1
DA:12,1
DA:13,1
DA:14,1
DA:15,1
DA:16,1
DA:17,1
DA:18,1
DA:19,1
DA:20,1
DA:21,1
DA:22,1
LF:22
LH:22
BRDA:14,0,0,2
BRDA:14,1,0,1
BRDA:15,2,0,2
BRDA:15,3,0,1
BRDA:16,4,0,1
BRDA:16,5,0,1
BRDA:17,6,0,1
BRDA:19,7,0,1
BRDA:19,8,0,1
BRDA:20,9,0,1
BRDA:20,10,0,1
BRDA:21,11,0,1
BRDA:21,12,0,1
BRDA:22,13,0,1
BRDA:22,14,0,1
BRF:15
BRH:15
end_of_record
